23:08,55:568 INFO    [ProcessingContext]: Using processing tool JAVAC
23:08,55:568 INFO    [ProcessingContext]: Using processing javac ProcessingEnvironment
23:08,55:568 INFO    [ProcessingContext]: Using source path null
23:08,55:568 INFO    [MainProcessor]: Using processing env juzu.impl.compiler.ProcessingContext
23:08,55:568 FINER   [ProcessingContext]: Resolved resolved resource location=SOURCE_OUTPUT pkg=juzu relativeName=metamodel.ser from filer
23:08,55:568 INFO    [MainProcessor]: Created new meta model
23:08,55:584 INFO    [ProcessingContext]: Loading services implementation of juzu.impl.plugin.module.metamodel.ModuleMetaModelPlugin
23:08,55:662 INFO    [ProcessingContext]: Using plugins: application less
23:08,55:662 INFO    [ProcessingContext]: Loading services implementation of juzu.impl.plugin.application.metamodel.ApplicationMetaModelPlugin
23:08,55:693 INFO    [ProcessingContext]: Using plugins: controller template ajax asset binding router amd portlet plf4-ajax
23:08,55:693 INFO    [ProcessingContext]: Plugin controller supports [juzu.Consumes, juzu.Action, juzu.View, juzu.Resource]
23:08,55:693 INFO    [ProcessingContext]: Plugin template supports [juzu.Path, juzu.template.Tags]
23:08,55:693 INFO    [ProcessingContext]: Plugin ajax supports [juzu.plugin.ajax.Ajax]
23:08,55:693 INFO    [ProcessingContext]: Plugin asset supports [juzu.plugin.asset.Stylesheets, juzu.plugin.asset.Scripts]
23:08,55:693 INFO    [ProcessingContext]: Plugin binding supports [juzu.plugin.binding.Bindings]
23:08,55:693 INFO    [ProcessingContext]: Plugin router supports [juzu.Route]
23:08,55:693 INFO    [ProcessingContext]: Plugin amd supports [juzu.plugin.amd.Modules]
23:08,55:693 INFO    [ProcessingContext]: Plugin portlet supports [juzu.plugin.portlet.Portlet]
23:08,55:693 INFO    [ProcessingContext]: Plugin plf4-ajax supports [org.exoplatform.commons.juzu.ajax.Ajax]
23:08,55:693 INFO    [ProcessingContext]: Plugin application supports [juzu.Path, juzu.Action, juzu.View, juzu.plugin.binding.Bindings, juzu.plugin.asset.Stylesheets, juzu.Resource, juzu.plugin.ajax.Ajax, juzu.Route, juzu.Consumes, juzu.Application, juzu.plugin.portlet.Portlet, juzu.template.Tags, juzu.plugin.asset.Scripts, juzu.plugin.amd.Modules, org.exoplatform.commons.juzu.ajax.Ajax]
23:08,55:693 INFO    [ProcessingContext]: Plugin less supports [juzu.plugin.less.Less]
23:08,55:693 INFO    [MainProcessor]: Starting APT round #0
23:08,55:693 INFO    [MainProcessor]: Activating model
23:08,55:709 INFO    [ProcessingContext]: Loading services implementation of juzu.template.TagHandler
23:08,55:709 INFO    [ProcessingContext]: Loaded tag handler juzu.impl.tags.DecorateTag as decorate
23:08,55:709 INFO    [ProcessingContext]: Loaded tag handler juzu.impl.tags.IncludeTag as include
23:08,55:709 INFO    [ProcessingContext]: Loaded tag handler juzu.impl.tags.InsertTag as insert
23:08,55:709 INFO    [ProcessingContext]: Loaded tag handler juzu.impl.tags.ParamTag as param
23:08,55:709 INFO    [ProcessingContext]: Loaded tag handler juzu.impl.tags.TitleTag as title
23:08,55:725 INFO    [ProcessingContext]: Loading services implementation of juzu.impl.template.spi.TemplateProvider
23:08,55:725 INFO    [MainProcessor]: Process annotations
23:08,55:725 INFO    [MainProcessor]: Post processing model
23:08,55:725 INFO    [MainProcessor]: Process events
23:08,55:725 INFO    [MainProcessor]: Post process events
23:08,55:725 INFO    [MainProcessor]: Ending APT round #0
23:08,55:787 INFO    [MainProcessor]: APT processing over
23:08,55:787 INFO    [MainProcessor]: Passivating model
23:08,55:787 INFO    [ProcessingContext]: Emitting module config
23:08,55:787 INFO    [ProcessingContext]: Passivating templates
