22:40,58:625 INFO    [ProcessingContext]: Using processing tool JAVAC
22:40,58:626 INFO    [ProcessingContext]: Using processing javac ProcessingEnvironment
22:40,58:626 INFO    [ProcessingContext]: Using source path null
22:40,58:627 INFO    [MainProcessor]: Using processing env juzu.impl.compiler.ProcessingContext
22:40,58:661 FINER   [ProcessingContext]: Resolved resolved resource location=SOURCE_OUTPUT pkg=juzu relativeName=metamodel.ser from filer
22:40,58:661 INFO    [MainProcessor]: Created new meta model
22:40,58:668 INFO    [ProcessingContext]: Loading services implementation of juzu.impl.plugin.module.metamodel.ModuleMetaModelPlugin
22:40,58:682 INFO    [ProcessingContext]: Using plugins: application
22:40,58:683 INFO    [ProcessingContext]: Loading services implementation of juzu.impl.plugin.application.metamodel.ApplicationMetaModelPlugin
22:40,58:735 INFO    [ProcessingContext]: Using plugins: controller template ajax asset binding router amd
22:40,58:736 INFO    [ProcessingContext]: Plugin controller supports [juzu.Consumes, juzu.View, juzu.Action, juzu.Resource]
22:40,58:736 INFO    [ProcessingContext]: Plugin template supports [juzu.Path, juzu.template.Tags]
22:40,58:738 INFO    [ProcessingContext]: Plugin ajax supports [juzu.plugin.ajax.Ajax]
22:40,58:738 INFO    [ProcessingContext]: Plugin asset supports [juzu.plugin.asset.Stylesheets, juzu.plugin.asset.Scripts]
22:40,58:738 INFO    [ProcessingContext]: Plugin binding supports [juzu.plugin.binding.Bindings]
22:40,58:740 INFO    [ProcessingContext]: Plugin router supports [juzu.Route]
22:40,58:741 INFO    [ProcessingContext]: Plugin amd supports [juzu.plugin.amd.Modules]
22:40,58:742 INFO    [ProcessingContext]: Plugin application supports [juzu.Path, juzu.Action, juzu.View, juzu.plugin.binding.Bindings, juzu.plugin.asset.Stylesheets, juzu.Resource, juzu.plugin.ajax.Ajax, juzu.Route, juzu.Consumes, juzu.Application, juzu.template.Tags, juzu.plugin.asset.Scripts, juzu.plugin.amd.Modules]
22:40,58:743 INFO    [MainProcessor]: Starting APT round #0
22:40,58:743 INFO    [MainProcessor]: Activating model
22:40,58:759 INFO    [ProcessingContext]: Loading services implementation of juzu.template.TagHandler
22:40,58:777 INFO    [ProcessingContext]: Loaded tag handler juzu.impl.tags.DecorateTag as decorate
22:40,58:778 INFO    [ProcessingContext]: Loaded tag handler juzu.impl.tags.IncludeTag as include
22:40,58:778 INFO    [ProcessingContext]: Loaded tag handler juzu.impl.tags.InsertTag as insert
22:40,58:778 INFO    [ProcessingContext]: Loaded tag handler juzu.impl.tags.ParamTag as param
22:40,58:779 INFO    [ProcessingContext]: Loaded tag handler juzu.impl.tags.TitleTag as title
22:40,58:781 INFO    [ProcessingContext]: Loading services implementation of juzu.impl.template.spi.TemplateProvider
22:40,58:790 INFO    [MainProcessor]: Process annotations
22:40,58:791 INFO    [MainProcessor]: Post processing model
22:40,58:791 INFO    [MainProcessor]: Process events
22:40,58:791 INFO    [MainProcessor]: Post process events
22:40,58:791 INFO    [MainProcessor]: Ending APT round #0
22:40,59:502 INFO    [MainProcessor]: Starting APT round #1
22:40,59:502 INFO    [MainProcessor]: Process annotations
22:40,59:503 INFO    [MainProcessor]: Post processing model
22:40,59:503 INFO    [MainProcessor]: Process events
22:40,59:503 INFO    [MainProcessor]: Post process events
22:40,59:503 INFO    [MainProcessor]: Ending APT round #1
22:40,59:671 INFO    [MainProcessor]: APT processing over
22:40,59:671 INFO    [MainProcessor]: Passivating model
22:40,59:671 INFO    [ProcessingContext]: Emitting module config
22:40,59:672 INFO    [ProcessingContext]: Passivating templates
