17:14,27:558 INFO    [ProcessingContext]: Using processing tool JAVAC
17:14,27:558 INFO    [ProcessingContext]: Using processing javac ProcessingEnvironment
17:14,27:558 INFO    [ProcessingContext]: Using source path null
17:14,27:558 INFO    [MainProcessor]: Using processing env juzu.impl.compiler.ProcessingContext
17:14,27:573 FINER   [ProcessingContext]: Resolved resolved resource location=SOURCE_OUTPUT pkg=juzu relativeName=metamodel.ser from filer
17:14,27:573 INFO    [MainProcessor]: Created new meta model
17:14,27:578 INFO    [ProcessingContext]: Loading services implementation of juzu.impl.plugin.module.metamodel.ModuleMetaModelPlugin
17:14,27:644 INFO    [ProcessingContext]: Using plugins: application less
17:14,27:645 INFO    [ProcessingContext]: Loading services implementation of juzu.impl.plugin.application.metamodel.ApplicationMetaModelPlugin
17:14,27:698 INFO    [ProcessingContext]: Using plugins: controller template ajax asset binding router amd portlet plf4-ajax
17:14,27:699 INFO    [ProcessingContext]: Plugin controller supports [juzu.Consumes, juzu.Action, juzu.View, juzu.Resource]
17:14,27:699 INFO    [ProcessingContext]: Plugin template supports [juzu.Path, juzu.template.Tags]
17:14,27:699 INFO    [ProcessingContext]: Plugin ajax supports [juzu.plugin.ajax.Ajax]
17:14,27:700 INFO    [ProcessingContext]: Plugin asset supports [juzu.plugin.asset.Stylesheets, juzu.plugin.asset.Scripts]
17:14,27:700 INFO    [ProcessingContext]: Plugin binding supports [juzu.plugin.binding.Bindings]
17:14,27:700 INFO    [ProcessingContext]: Plugin router supports [juzu.Route]
17:14,27:701 INFO    [ProcessingContext]: Plugin amd supports [juzu.plugin.amd.Modules]
17:14,27:702 INFO    [ProcessingContext]: Plugin portlet supports [juzu.plugin.portlet.Portlet]
17:14,27:702 INFO    [ProcessingContext]: Plugin plf4-ajax supports [org.exoplatform.commons.juzu.ajax.Ajax]
17:14,27:702 INFO    [ProcessingContext]: Plugin application supports [juzu.Path, juzu.View, juzu.Action, juzu.plugin.binding.Bindings, juzu.plugin.asset.Stylesheets, juzu.Resource, juzu.plugin.ajax.Ajax, juzu.Route, juzu.Consumes, juzu.Application, juzu.plugin.portlet.Portlet, juzu.template.Tags, juzu.plugin.asset.Scripts, juzu.plugin.amd.Modules, org.exoplatform.commons.juzu.ajax.Ajax]
17:14,27:703 INFO    [ProcessingContext]: Plugin less supports [juzu.plugin.less.Less]
17:14,27:704 INFO    [MainProcessor]: Starting APT round #0
17:14,27:704 INFO    [MainProcessor]: Activating model
17:14,27:712 INFO    [ProcessingContext]: Loading services implementation of juzu.template.TagHandler
17:14,27:718 INFO    [ProcessingContext]: Loaded tag handler juzu.impl.tags.DecorateTag as decorate
17:14,27:718 INFO    [ProcessingContext]: Loaded tag handler juzu.impl.tags.IncludeTag as include
17:14,27:718 INFO    [ProcessingContext]: Loaded tag handler juzu.impl.tags.InsertTag as insert
17:14,27:718 INFO    [ProcessingContext]: Loaded tag handler juzu.impl.tags.ParamTag as param
17:14,27:718 INFO    [ProcessingContext]: Loaded tag handler juzu.impl.tags.TitleTag as title
17:14,27:719 INFO    [ProcessingContext]: Loading services implementation of juzu.impl.template.spi.TemplateProvider
17:14,27:724 INFO    [MainProcessor]: Process annotations
17:14,27:724 INFO    [MainProcessor]: Post processing model
17:14,27:724 INFO    [MainProcessor]: Process events
17:14,27:724 INFO    [MainProcessor]: Post process events
17:14,27:724 INFO    [MainProcessor]: Ending APT round #0
17:14,27:783 INFO    [MainProcessor]: APT processing over
17:14,27:783 INFO    [MainProcessor]: Passivating model
17:14,27:783 INFO    [ProcessingContext]: Emitting module config
17:14,27:783 INFO    [ProcessingContext]: Passivating templates
